{"C:\\Users\\cristianbetancourth\\Desktop\\Semillero\\Entregables\\Mes 3\\Jenkins Shraed Libreries\\reto_jenkins\\react-test\\src\\date.js": {"path":"C:\\Users\\cristianbetancourth\\Desktop\\Semillero\\Entregables\\Mes 3\\Jenkins Shraed Libreries\\reto_jenkins\\react-test\\src\\date.js","statementMap":{"0":{"start":{"line":1,"column":27},"end":{"line":3,"column":1}},"1":{"start":{"line":2,"column":4},"end":{"line":2,"column":45}}},"fnMap":{"0":{"name":"(anonymous_0)","decl":{"start":{"line":1,"column":27},"end":{"line":1,"column":28}},"loc":{"start":{"line":1,"column":45},"end":{"line":3,"column":1}},"line":1}},"branchMap":{},"s":{"0":1,"1":1},"f":{"0":1},"b":{},"_coverageSchema":"1a1c01bbd47fc00a2c39e90264f33305004495a9","hash":"9080316d27a4714f45546ff7dc3d82473359e70f"}
,"C:\\Users\\cristianbetancourth\\Desktop\\Semillero\\Entregables\\Mes 3\\Jenkins Shraed Libreries\\reto_jenkins\\react-test\\src\\Components\\Card\\index.jsx": {"path":"C:\\Users\\cristianbetancourth\\Desktop\\Semillero\\Entregables\\Mes 3\\Jenkins Shraed Libreries\\reto_jenkins\\react-test\\src\\Components\\Card\\index.jsx","statementMap":{"0":{"start":{"line":5,"column":13},"end":{"line":62,"column":1}},"1":{"start":{"line":6,"column":18},"end":{"line":6,"column":49}},"2":{"start":{"line":8,"column":22},"end":{"line":11,"column":3}},"3":{"start":{"line":9,"column":4},"end":{"line":9,"column":31}},"4":{"start":{"line":10,"column":4},"end":{"line":10,"column":43}},"5":{"start":{"line":13,"column":28},"end":{"line":19,"column":3}},"6":{"start":{"line":14,"column":4},"end":{"line":14,"column":27}},"7":{"start":{"line":15,"column":4},"end":{"line":15,"column":39}},"8":{"start":{"line":16,"column":4},"end":{"line":16,"column":67}},"9":{"start":{"line":17,"column":4},"end":{"line":17,"column":34}},"10":{"start":{"line":18,"column":4},"end":{"line":18,"column":32}},"11":{"start":{"line":21,"column":21},"end":{"line":45,"column":3}},"12":{"start":{"line":22,"column":21},"end":{"line":22,"column":89}},"13":{"start":{"line":22,"column":60},"end":{"line":22,"column":77}},"14":{"start":{"line":24,"column":4},"end":{"line":44,"column":5}},"15":{"start":{"line":25,"column":6},"end":{"line":32,"column":7}},"16":{"start":{"line":34,"column":6},"end":{"line":43,"column":7}},"17":{"start":{"line":37,"column":30},"end":{"line":37,"column":65}},"18":{"start":{"line":47,"column":2},"end":{"line":61,"column":3}},"19":{"start":{"line":50,"column":21},"end":{"line":50,"column":43}}},"fnMap":{"0":{"name":"(anonymous_0)","decl":{"start":{"line":5,"column":13},"end":{"line":5,"column":14}},"loc":{"start":{"line":5,"column":23},"end":{"line":62,"column":1}},"line":5},"1":{"name":"(anonymous_1)","decl":{"start":{"line":8,"column":22},"end":{"line":8,"column":23}},"loc":{"start":{"line":8,"column":41},"end":{"line":11,"column":3}},"line":8},"2":{"name":"(anonymous_2)","decl":{"start":{"line":13,"column":28},"end":{"line":13,"column":29}},"loc":{"start":{"line":13,"column":52},"end":{"line":19,"column":3}},"line":13},"3":{"name":"(anonymous_3)","decl":{"start":{"line":21,"column":21},"end":{"line":21,"column":22}},"loc":{"start":{"line":21,"column":29},"end":{"line":45,"column":3}},"line":21},"4":{"name":"(anonymous_4)","decl":{"start":{"line":22,"column":49},"end":{"line":22,"column":50}},"loc":{"start":{"line":22,"column":60},"end":{"line":22,"column":77}},"line":22},"5":{"name":"(anonymous_5)","decl":{"start":{"line":37,"column":19},"end":{"line":37,"column":20}},"loc":{"start":{"line":37,"column":30},"end":{"line":37,"column":65}},"line":37},"6":{"name":"(anonymous_6)","decl":{"start":{"line":50,"column":15},"end":{"line":50,"column":16}},"loc":{"start":{"line":50,"column":21},"end":{"line":50,"column":43}},"line":50}},"branchMap":{"0":{"loc":{"start":{"line":24,"column":4},"end":{"line":44,"column":5}},"type":"if","locations":[{"start":{"line":24,"column":4},"end":{"line":44,"column":5}},{"start":{"line":33,"column":11},"end":{"line":44,"column":5}}],"line":24}},"s":{"0":1,"1":3,"2":3,"3":0,"4":0,"5":3,"6":1,"7":1,"8":1,"9":1,"10":1,"11":3,"12":3,"13":1,"14":3,"15":1,"16":2,"17":1,"18":3,"19":0},"f":{"0":3,"1":0,"2":1,"3":3,"4":1,"5":1,"6":0},"b":{"0":[1,2]},"_coverageSchema":"1a1c01bbd47fc00a2c39e90264f33305004495a9","hash":"099c4289276d1c9745d4fdfd9c0dd69e79f4b97c"}
,"C:\\Users\\cristianbetancourth\\Desktop\\Semillero\\Entregables\\Mes 3\\Jenkins Shraed Libreries\\reto_jenkins\\react-test\\src\\Components\\OrdersCard\\index.jsx": {"path":"C:\\Users\\cristianbetancourth\\Desktop\\Semillero\\Entregables\\Mes 3\\Jenkins Shraed Libreries\\reto_jenkins\\react-test\\src\\Components\\OrdersCard\\index.jsx","statementMap":{"0":{"start":{"line":3,"column":19},"end":{"line":20,"column":1}},"1":{"start":{"line":4,"column":40},"end":{"line":4,"column":45}},"2":{"start":{"line":6,"column":2},"end":{"line":19,"column":3}}},"fnMap":{"0":{"name":"(anonymous_0)","decl":{"start":{"line":3,"column":19},"end":{"line":3,"column":20}},"loc":{"start":{"line":3,"column":28},"end":{"line":20,"column":1}},"line":3}},"branchMap":{},"s":{"0":1,"1":2,"2":2},"f":{"0":2},"b":{},"_coverageSchema":"1a1c01bbd47fc00a2c39e90264f33305004495a9","hash":"a129295c659d72bda628cbbd6e00c529347fb4c4"}
,"C:\\Users\\cristianbetancourth\\Desktop\\Semillero\\Entregables\\Mes 3\\Jenkins Shraed Libreries\\reto_jenkins\\react-test\\src\\Context\\index.jsx": {"path":"C:\\Users\\cristianbetancourth\\Desktop\\Semillero\\Entregables\\Mes 3\\Jenkins Shraed Libreries\\reto_jenkins\\react-test\\src\\Context\\index.jsx","statementMap":{"0":{"start":{"line":3,"column":35},"end":{"line":3,"column":50}},"1":{"start":{"line":5,"column":36},"end":{"line":104,"column":1}},"2":{"start":{"line":7,"column":28},"end":{"line":7,"column":39}},"3":{"start":{"line":10,"column":56},"end":{"line":10,"column":71}},"4":{"start":{"line":11,"column":28},"end":{"line":11,"column":62}},"5":{"start":{"line":11,"column":34},"end":{"line":11,"column":62}},"6":{"start":{"line":12,"column":29},"end":{"line":12,"column":64}},"7":{"start":{"line":12,"column":35},"end":{"line":12,"column":64}},"8":{"start":{"line":15,"column":62},"end":{"line":15,"column":77}},"9":{"start":{"line":16,"column":31},"end":{"line":16,"column":68}},"10":{"start":{"line":16,"column":37},"end":{"line":16,"column":68}},"11":{"start":{"line":17,"column":32},"end":{"line":17,"column":70}},"12":{"start":{"line":17,"column":38},"end":{"line":17,"column":70}},"13":{"start":{"line":20,"column":44},"end":{"line":20,"column":56}},"14":{"start":{"line":23,"column":42},"end":{"line":23,"column":54}},"15":{"start":{"line":26,"column":28},"end":{"line":26,"column":40}},"16":{"start":{"line":29,"column":28},"end":{"line":29,"column":42}},"17":{"start":{"line":30,"column":44},"end":{"line":30,"column":58}},"18":{"start":{"line":33,"column":44},"end":{"line":33,"column":58}},"19":{"start":{"line":36,"column":50},"end":{"line":36,"column":64}},"20":{"start":{"line":38,"column":2},"end":{"line":42,"column":8}},"21":{"start":{"line":39,"column":4},"end":{"line":41,"column":35}},"22":{"start":{"line":40,"column":24},"end":{"line":40,"column":39}},"23":{"start":{"line":41,"column":20},"end":{"line":41,"column":34}},"24":{"start":{"line":44,"column":31},"end":{"line":46,"column":3}},"25":{"start":{"line":45,"column":4},"end":{"line":45,"column":96}},"26":{"start":{"line":45,"column":33},"end":{"line":45,"column":95}},"27":{"start":{"line":48,"column":34},"end":{"line":50,"column":3}},"28":{"start":{"line":49,"column":4},"end":{"line":49,"column":107}},"29":{"start":{"line":49,"column":33},"end":{"line":49,"column":106}},"30":{"start":{"line":52,"column":19},"end":{"line":68,"column":3}},"31":{"start":{"line":53,"column":4},"end":{"line":55,"column":5}},"32":{"start":{"line":54,"column":6},"end":{"line":54,"column":55}},"33":{"start":{"line":57,"column":4},"end":{"line":59,"column":5}},"34":{"start":{"line":58,"column":6},"end":{"line":58,"column":61}},"35":{"start":{"line":61,"column":4},"end":{"line":63,"column":5}},"36":{"start":{"line":62,"column":6},"end":{"line":62,"column":140}},"37":{"start":{"line":62,"column":77},"end":{"line":62,"column":139}},"38":{"start":{"line":65,"column":4},"end":{"line":67,"column":5}},"39":{"start":{"line":66,"column":6},"end":{"line":66,"column":18}},"40":{"start":{"line":70,"column":2},"end":{"line":75,"column":46}},"41":{"start":{"line":71,"column":4},"end":{"line":71,"column":134}},"42":{"start":{"line":71,"column":43},"end":{"line":71,"column":134}},"43":{"start":{"line":72,"column":4},"end":{"line":72,"column":122}},"44":{"start":{"line":72,"column":44},"end":{"line":72,"column":122}},"45":{"start":{"line":73,"column":4},"end":{"line":73,"column":125}},"46":{"start":{"line":73,"column":44},"end":{"line":73,"column":125}},"47":{"start":{"line":74,"column":4},"end":{"line":74,"column":117}},"48":{"start":{"line":74,"column":45},"end":{"line":74,"column":117}},"49":{"start":{"line":77,"column":2},"end":{"line":103,"column":3}}},"fnMap":{"0":{"name":"(anonymous_0)","decl":{"start":{"line":5,"column":36},"end":{"line":5,"column":37}},"loc":{"start":{"line":5,"column":52},"end":{"line":104,"column":1}},"line":5},"1":{"name":"(anonymous_1)","decl":{"start":{"line":11,"column":28},"end":{"line":11,"column":29}},"loc":{"start":{"line":11,"column":34},"end":{"line":11,"column":62}},"line":11},"2":{"name":"(anonymous_2)","decl":{"start":{"line":12,"column":29},"end":{"line":12,"column":30}},"loc":{"start":{"line":12,"column":35},"end":{"line":12,"column":64}},"line":12},"3":{"name":"(anonymous_3)","decl":{"start":{"line":16,"column":31},"end":{"line":16,"column":32}},"loc":{"start":{"line":16,"column":37},"end":{"line":16,"column":68}},"line":16},"4":{"name":"(anonymous_4)","decl":{"start":{"line":17,"column":32},"end":{"line":17,"column":33}},"loc":{"start":{"line":17,"column":38},"end":{"line":17,"column":70}},"line":17},"5":{"name":"(anonymous_5)","decl":{"start":{"line":38,"column":12},"end":{"line":38,"column":13}},"loc":{"start":{"line":38,"column":18},"end":{"line":42,"column":3}},"line":38},"6":{"name":"(anonymous_6)","decl":{"start":{"line":40,"column":12},"end":{"line":40,"column":13}},"loc":{"start":{"line":40,"column":24},"end":{"line":40,"column":39}},"line":40},"7":{"name":"(anonymous_7)","decl":{"start":{"line":41,"column":12},"end":{"line":41,"column":13}},"loc":{"start":{"line":41,"column":20},"end":{"line":41,"column":34}},"line":41},"8":{"name":"(anonymous_8)","decl":{"start":{"line":44,"column":31},"end":{"line":44,"column":32}},"loc":{"start":{"line":44,"column":57},"end":{"line":46,"column":3}},"line":44},"9":{"name":"(anonymous_9)","decl":{"start":{"line":45,"column":25},"end":{"line":45,"column":26}},"loc":{"start":{"line":45,"column":33},"end":{"line":45,"column":95}},"line":45},"10":{"name":"(anonymous_10)","decl":{"start":{"line":48,"column":34},"end":{"line":48,"column":35}},"loc":{"start":{"line":48,"column":63},"end":{"line":50,"column":3}},"line":48},"11":{"name":"(anonymous_11)","decl":{"start":{"line":49,"column":25},"end":{"line":49,"column":26}},"loc":{"start":{"line":49,"column":33},"end":{"line":49,"column":106}},"line":49},"12":{"name":"(anonymous_12)","decl":{"start":{"line":52,"column":19},"end":{"line":52,"column":20}},"loc":{"start":{"line":52,"column":75},"end":{"line":68,"column":3}},"line":52},"13":{"name":"(anonymous_13)","decl":{"start":{"line":62,"column":69},"end":{"line":62,"column":70}},"loc":{"start":{"line":62,"column":77},"end":{"line":62,"column":139}},"line":62},"14":{"name":"(anonymous_14)","decl":{"start":{"line":70,"column":12},"end":{"line":70,"column":13}},"loc":{"start":{"line":70,"column":18},"end":{"line":75,"column":3}},"line":70}},"branchMap":{"0":{"loc":{"start":{"line":53,"column":4},"end":{"line":55,"column":5}},"type":"if","locations":[{"start":{"line":53,"column":4},"end":{"line":55,"column":5}},{"start":{},"end":{}}],"line":53},"1":{"loc":{"start":{"line":57,"column":4},"end":{"line":59,"column":5}},"type":"if","locations":[{"start":{"line":57,"column":4},"end":{"line":59,"column":5}},{"start":{},"end":{}}],"line":57},"2":{"loc":{"start":{"line":61,"column":4},"end":{"line":63,"column":5}},"type":"if","locations":[{"start":{"line":61,"column":4},"end":{"line":63,"column":5}},{"start":{},"end":{}}],"line":61},"3":{"loc":{"start":{"line":65,"column":4},"end":{"line":67,"column":5}},"type":"if","locations":[{"start":{"line":65,"column":4},"end":{"line":67,"column":5}},{"start":{},"end":{}}],"line":65},"4":{"loc":{"start":{"line":71,"column":4},"end":{"line":71,"column":134}},"type":"if","locations":[{"start":{"line":71,"column":4},"end":{"line":71,"column":134}},{"start":{},"end":{}}],"line":71},"5":{"loc":{"start":{"line":71,"column":8},"end":{"line":71,"column":41}},"type":"binary-expr","locations":[{"start":{"line":71,"column":8},"end":{"line":71,"column":21}},{"start":{"line":71,"column":25},"end":{"line":71,"column":41}}],"line":71},"6":{"loc":{"start":{"line":72,"column":4},"end":{"line":72,"column":122}},"type":"if","locations":[{"start":{"line":72,"column":4},"end":{"line":72,"column":122}},{"start":{},"end":{}}],"line":72},"7":{"loc":{"start":{"line":72,"column":8},"end":{"line":72,"column":42}},"type":"binary-expr","locations":[{"start":{"line":72,"column":8},"end":{"line":72,"column":21}},{"start":{"line":72,"column":25},"end":{"line":72,"column":42}}],"line":72},"8":{"loc":{"start":{"line":73,"column":4},"end":{"line":73,"column":125}},"type":"if","locations":[{"start":{"line":73,"column":4},"end":{"line":73,"column":125}},{"start":{},"end":{}}],"line":73},"9":{"loc":{"start":{"line":73,"column":8},"end":{"line":73,"column":42}},"type":"binary-expr","locations":[{"start":{"line":73,"column":8},"end":{"line":73,"column":22}},{"start":{"line":73,"column":26},"end":{"line":73,"column":42}}],"line":73},"10":{"loc":{"start":{"line":74,"column":4},"end":{"line":74,"column":117}},"type":"if","locations":[{"start":{"line":74,"column":4},"end":{"line":74,"column":117}},{"start":{},"end":{}}],"line":74},"11":{"loc":{"start":{"line":74,"column":8},"end":{"line":74,"column":43}},"type":"binary-expr","locations":[{"start":{"line":74,"column":8},"end":{"line":74,"column":22}},{"start":{"line":74,"column":26},"end":{"line":74,"column":43}}],"line":74}},"s":{"0":2,"1":2,"2":6,"3":6,"4":6,"5":0,"6":6,"7":1,"8":6,"9":6,"10":1,"11":6,"12":0,"13":6,"14":6,"15":6,"16":6,"17":6,"18":6,"19":6,"20":6,"21":4,"22":0,"23":0,"24":6,"25":0,"26":0,"27":6,"28":0,"29":0,"30":6,"31":4,"32":0,"33":4,"34":0,"35":4,"36":0,"37":0,"38":4,"39":4,"40":6,"41":4,"42":0,"43":4,"44":0,"45":4,"46":0,"47":4,"48":4,"49":6},"f":{"0":6,"1":0,"2":1,"3":1,"4":0,"5":4,"6":0,"7":0,"8":0,"9":0,"10":0,"11":0,"12":4,"13":0,"14":4},"b":{"0":[0,4],"1":[0,4],"2":[0,4],"3":[4,0],"4":[0,4],"5":[4,0],"6":[0,4],"7":[4,0],"8":[0,4],"9":[4,4],"10":[4,0],"11":[4,4]},"_coverageSchema":"1a1c01bbd47fc00a2c39e90264f33305004495a9","hash":"e9b8c925114ec82ab560644632e96295ff5e9014"}
,"C:\\Users\\cristianbetancourth\\Desktop\\Semillero\\Entregables\\Mes 3\\Jenkins Shraed Libreries\\reto_jenkins\\react-test\\src\\utils\\index.js": {"path":"C:\\Users\\cristianbetancourth\\Desktop\\Semillero\\Entregables\\Mes 3\\Jenkins Shraed Libreries\\reto_jenkins\\react-test\\src\\utils\\index.js","statementMap":{"0":{"start":{"line":6,"column":26},"end":{"line":10,"column":1}},"1":{"start":{"line":7,"column":12},"end":{"line":7,"column":13}},"2":{"start":{"line":8,"column":2},"end":{"line":8,"column":51}},"3":{"start":{"line":8,"column":30},"end":{"line":8,"column":50}},"4":{"start":{"line":9,"column":2},"end":{"line":9,"column":12}}},"fnMap":{"0":{"name":"(anonymous_0)","decl":{"start":{"line":6,"column":26},"end":{"line":6,"column":27}},"loc":{"start":{"line":6,"column":40},"end":{"line":10,"column":1}},"line":6},"1":{"name":"(anonymous_1)","decl":{"start":{"line":8,"column":19},"end":{"line":8,"column":20}},"loc":{"start":{"line":8,"column":30},"end":{"line":8,"column":50}},"line":8}},"branchMap":{},"s":{"0":1,"1":3,"2":3,"3":3,"4":3},"f":{"0":3,"1":3},"b":{},"_coverageSchema":"1a1c01bbd47fc00a2c39e90264f33305004495a9","hash":"61484ba8f527e0c1944efb6e049bacbcfbbc7aa1"}
}
