<?xml version="1.0" encoding="UTF-8"?>
<coverage generated="1706102792892" clover="3.2.0">
  <project timestamp="1706102792892" name="All files">
    <metrics statements="67" coveredstatements="57" conditionals="26" coveredconditionals="16" methods="26" coveredmethods="15" elements="119" coveredelements="88" complexity="0" loc="67" ncloc="67" packages="5" files="5" classes="5"/>
    <package name="src">
      <metrics statements="2" coveredstatements="2" conditionals="0" coveredconditionals="0" methods="1" coveredmethods="1"/>
      <file name="date.js" path="C:\Users\cristianbetancourth\Desktop\Semillero\Entregables\Mes 3\Jenkins Shraed Libreries\reto_jenkins\react-test\src\date.js">
        <metrics statements="2" coveredstatements="2" conditionals="0" coveredconditionals="0" methods="1" coveredmethods="1"/>
        <line num="1" count="1" type="stmt"/>
        <line num="2" count="1" type="stmt"/>
      </file>
    </package>
    <package name="src.Components.Card">
      <metrics statements="19" coveredstatements="16" conditionals="2" coveredconditionals="2" methods="7" coveredmethods="5"/>
      <file name="index.jsx" path="C:\Users\cristianbetancourth\Desktop\Semillero\Entregables\Mes 3\Jenkins Shraed Libreries\reto_jenkins\react-test\src\Components\Card\index.jsx">
        <metrics statements="19" coveredstatements="16" conditionals="2" coveredconditionals="2" methods="7" coveredmethods="5"/>
        <line num="5" count="1" type="stmt"/>
        <line num="6" count="3" type="stmt"/>
        <line num="8" count="3" type="stmt"/>
        <line num="9" count="0" type="stmt"/>
        <line num="10" count="0" type="stmt"/>
        <line num="13" count="3" type="stmt"/>
        <line num="14" count="1" type="stmt"/>
        <line num="15" count="1" type="stmt"/>
        <line num="16" count="1" type="stmt"/>
        <line num="17" count="1" type="stmt"/>
        <line num="18" count="1" type="stmt"/>
        <line num="21" count="3" type="stmt"/>
        <line num="22" count="3" type="stmt"/>
        <line num="24" count="3" type="cond" truecount="2" falsecount="0"/>
        <line num="25" count="1" type="stmt"/>
        <line num="34" count="2" type="stmt"/>
        <line num="37" count="1" type="stmt"/>
        <line num="47" count="3" type="stmt"/>
        <line num="50" count="0" type="stmt"/>
      </file>
    </package>
    <package name="src.Components.OrdersCard">
      <metrics statements="3" coveredstatements="3" conditionals="0" coveredconditionals="0" methods="1" coveredmethods="1"/>
      <file name="index.jsx" path="C:\Users\cristianbetancourth\Desktop\Semillero\Entregables\Mes 3\Jenkins Shraed Libreries\reto_jenkins\react-test\src\Components\OrdersCard\index.jsx">
        <metrics statements="3" coveredstatements="3" conditionals="0" coveredconditionals="0" methods="1" coveredmethods="1"/>
        <line num="3" count="1" type="stmt"/>
        <line num="4" count="2" type="stmt"/>
        <line num="6" count="2" type="stmt"/>
      </file>
    </package>
    <package name="src.Context">
      <metrics statements="39" coveredstatements="32" conditionals="24" coveredconditionals="14" methods="15" coveredmethods="6"/>
      <file name="index.jsx" path="C:\Users\cristianbetancourth\Desktop\Semillero\Entregables\Mes 3\Jenkins Shraed Libreries\reto_jenkins\react-test\src\Context\index.jsx">
        <metrics statements="39" coveredstatements="32" conditionals="24" coveredconditionals="14" methods="15" coveredmethods="6"/>
        <line num="3" count="2" type="stmt"/>
        <line num="5" count="2" type="stmt"/>
        <line num="7" count="6" type="stmt"/>
        <line num="10" count="6" type="stmt"/>
        <line num="11" count="6" type="stmt"/>
        <line num="12" count="6" type="stmt"/>
        <line num="15" count="6" type="stmt"/>
        <line num="16" count="6" type="stmt"/>
        <line num="17" count="6" type="stmt"/>
        <line num="20" count="6" type="stmt"/>
        <line num="23" count="6" type="stmt"/>
        <line num="26" count="6" type="stmt"/>
        <line num="29" count="6" type="stmt"/>
        <line num="30" count="6" type="stmt"/>
        <line num="33" count="6" type="stmt"/>
        <line num="36" count="6" type="stmt"/>
        <line num="38" count="6" type="stmt"/>
        <line num="39" count="4" type="stmt"/>
        <line num="40" count="0" type="stmt"/>
        <line num="41" count="0" type="stmt"/>
        <line num="44" count="6" type="stmt"/>
        <line num="45" count="0" type="stmt"/>
        <line num="48" count="6" type="stmt"/>
        <line num="49" count="0" type="stmt"/>
        <line num="52" count="6" type="stmt"/>
        <line num="53" count="4" type="cond" truecount="1" falsecount="1"/>
        <line num="54" count="0" type="stmt"/>
        <line num="57" count="4" type="cond" truecount="1" falsecount="1"/>
        <line num="58" count="0" type="stmt"/>
        <line num="61" count="4" type="cond" truecount="1" falsecount="1"/>
        <line num="62" count="0" type="stmt"/>
        <line num="65" count="4" type="cond" truecount="1" falsecount="1"/>
        <line num="66" count="4" type="stmt"/>
        <line num="70" count="6" type="stmt"/>
        <line num="71" count="4" type="cond" truecount="2" falsecount="2"/>
        <line num="72" count="4" type="cond" truecount="2" falsecount="2"/>
        <line num="73" count="4" type="cond" truecount="3" falsecount="1"/>
        <line num="74" count="4" type="cond" truecount="3" falsecount="1"/>
        <line num="77" count="6" type="stmt"/>
      </file>
    </package>
    <package name="src.utils">
      <metrics statements="4" coveredstatements="4" conditionals="0" coveredconditionals="0" methods="2" coveredmethods="2"/>
      <file name="index.js" path="C:\Users\cristianbetancourth\Desktop\Semillero\Entregables\Mes 3\Jenkins Shraed Libreries\reto_jenkins\react-test\src\utils\index.js">
        <metrics statements="4" coveredstatements="4" conditionals="0" coveredconditionals="0" methods="2" coveredmethods="2"/>
        <line num="6" count="1" type="stmt"/>
        <line num="7" count="3" type="stmt"/>
        <line num="8" count="3" type="stmt"/>
        <line num="9" count="3" type="stmt"/>
      </file>
    </package>
  </project>
</coverage>
